<?xml version="1.0" encoding="UTF-8"?>
<!-- Generated by org.testng.reporters.JUnitReportReporter -->
<testsuite hostname="DESKTOP-8QGVQE8" failures="0" tests="1" name="com.examples.ChromeTest" time="7.001" errors="0" timestamp="2024-04-11T21:54:44 IST" skipped="0">
  <testcase classname="com.examples.ChromeTest" name="ChromeTestMethod" time="7.001"/>
</testsuite> <!-- com.examples.ChromeTest -->
