<?xml version="1.0" encoding="UTF-8"?>
<!-- Generated by org.testng.reporters.JUnitReportReporter -->
<testsuite hostname="DESKTOP-8QGVQE8" failures="0" tests="2" name="com.examples.ParallelTest" time="19.834" errors="0" timestamp="2024-04-11T21:28:18 IST" skipped="0">
  <testcase classname="com.examples.ParallelTest" name="chromeTest" time="4.836"/>
  <testcase classname="com.examples.ParallelTest" name="FirefoxTest" time="14.998"/>
</testsuite> <!-- com.examples.ParallelTest -->
