<?xml version="1.0" encoding="UTF-8"?>
<!-- Generated by org.testng.reporters.JUnitReportReporter -->
<testsuite hostname="DESKTOP-8QGVQE8" failures="0" tests="2" name="com.examples.Example_003" time="0.050" errors="0" timestamp="2024-04-10T10:07:54 IST" skipped="0">
  <testcase classname="com.examples.Example_003" name="passingparameter" time="0.044"/>
  <testcase classname="com.examples.Example_003" name="Launch_browser" time="0.006"/>
</testsuite> <!-- com.examples.Example_003 -->
