<?xml version="1.0" encoding="UTF-8"?>
<!-- Generated by org.testng.reporters.JUnitReportReporter -->
<testsuite hostname="DESKTOP-8QGVQE8" failures="0" tests="10" name="com.examples.TestNgExamples" time="85.457" errors="0" timestamp="2024-04-11T22:11:35 IST" skipped="0">
  <testcase classname="com.examples.TestNgExamples" name="testoneMethod" time="6.016"/>
  <testcase classname="com.examples.TestNgExamples" name="testoneMethod" time="4.015"/>
  <testcase classname="com.examples.TestNgExamples" name="testoneMethod" time="5.663"/>
  <testcase classname="com.examples.TestNgExamples" name="testoneMethod" time="2.781"/>
  <testcase classname="com.examples.TestNgExamples" name="testoneMethod" time="6.069"/>
  <testcase classname="com.examples.TestNgExamples" name="testoneMethod" time="5.879"/>
  <testcase classname="com.examples.TestNgExamples" name="testoneMethod" time="20.773"/>
  <testcase classname="com.examples.TestNgExamples" name="testoneMethod" time="17.294"/>
  <testcase classname="com.examples.TestNgExamples" name="testoneMethod" time="6.634"/>
  <testcase classname="com.examples.TestNgExamples" name="testoneMethod" time="10.333"/>
</testsuite> <!-- com.examples.TestNgExamples -->
