<?xml version="1.0" encoding="UTF-8"?>
<!-- Generated by org.testng.reporters.JUnitReportReporter -->
<testsuite hostname="DESKTOP-8QGVQE8" failures="0" tests="1" name="com.examples.Example_001" time="0.019" errors="0" timestamp="2024-04-09T10:15:41 IST" skipped="0">
  <testcase classname="com.examples.Example_001" name="launchbrowser" time="0.019"/>
</testsuite> <!-- com.examples.Example_001 -->
