<?xml version="1.0" encoding="UTF-8"?>
<!-- Generated by org.testng.reporters.JUnitReportReporter -->
<testsuite hostname="DESKTOP-8QGVQE8" failures="0" tests="2" name="com.examples.Example_002" time="0.048" errors="0" timestamp="2024-04-10T09:52:07 IST" skipped="0">
  <testcase classname="com.examples.Example_002" name="testcase1" time="0.022"/>
  <testcase classname="com.examples.Example_002" name="testcase2" time="0.026"/>
</testsuite> <!-- com.examples.Example_002 -->
